# JRE version: Java(TM) SE Runtime Environment (8.0_251-b08) (build 1.8.0_251-b08)
# Java VM: Java HotSpot(TM) 64-Bit Server VM (25.251-b08 mixed mode windows-amd64 compressed oops)
Heap:
 PSYoungGen      total 90112K, used 70810K [0x00000000eab00000, 0x00000000f1080000, 0x0000000100000000)
  eden space 79872K, 79% used [0x00000000eab00000,0x00000000ee8f5718,0x00000000ef900000)
  from space 10240K, 71% used [0x00000000f0480000,0x00000000f0bb1138,0x00000000f0e80000)
  to   space 11776K, 0% used [0x00000000ef900000,0x00000000ef900000,0x00000000f0480000)
 ParOldGen       total 90624K, used 26655K [0x00000000c0000000, 0x00000000c5880000, 0x00000000eab00000)
  object space 90624K, 29% used [0x00000000c0000000,0x00000000c1a07e20,0x00000000c5880000)
 Metaspace       used 48081K, capacity 48902K, committed 49024K, reserved 1091584K
  class space    used 6650K, capacity 6954K, committed 7040K, reserved 1048576K
GC Heap History (10 events):
Event: 14.516 GC heap before
{Heap before GC invocations=12 (full 2):
 PSYoungGen      total 73728K, used 6447K [0x00000000eab00000, 0x00000000efe00000, 0x0000000100000000)
  eden space 62976K, 0% used [0x00000000eab00000,0x00000000eab00000,0x00000000ee880000)
  from space 10752K, 59% used [0x00000000ef280000,0x00000000ef8cbc38,0x00000000efd00000)
  to   space 10240K, 0% used [0x00000000ee880000,0x00000000ee880000,0x00000000ef280000)
 ParOldGen       total 59392K, used 13251K [0x00000000c0000000, 0x00000000c3a00000, 0x00000000eab00000)
  object space 59392K, 22% used [0x00000000c0000000,0x00000000c0cf0d08,0x00000000c3a00000)
 Metaspace       used 34814K, capacity 35310K, committed 35496K, reserved 1079296K
  class space    used 4950K, capacity 5090K, committed 5120K, reserved 1048576K
Event: 14.595 GC heap after
Heap after GC invocations=12 (full 2):
 PSYoungGen      total 73728K, used 0K [0x00000000eab00000, 0x00000000efe00000, 0x0000000100000000)
  eden space 62976K, 0% used [0x00000000eab00000,0x00000000eab00000,0x00000000ee880000)
  from space 10752K, 0% used [0x00000000ef280000,0x00000000ef280000,0x00000000efd00000)
  to   space 10240K, 0% used [0x00000000ee880000,0x00000000ee880000,0x00000000ef280000)
 ParOldGen       total 90624K, used 16633K [0x00000000c0000000, 0x00000000c5880000, 0x00000000eab00000)
  object space 90624K, 18% used [0x00000000c0000000,0x00000000c103e510,0x00000000c5880000)
 Metaspace       used 34783K, capacity 35190K, committed 35496K, reserved 1079296K
  class space    used 4941K, capacity 5050K, committed 5120K, reserved 1048576K
}
Event: 15.129 GC heap before
{Heap before GC invocations=13 (full 2):
 PSYoungGen      total 73728K, used 62976K [0x00000000eab00000, 0x00000000efe00000, 0x0000000100000000)
  eden space 62976K, 100% used [0x00000000eab00000,0x00000000ee880000,0x00000000ee880000)
  from space 10752K, 0% used [0x00000000ef280000,0x00000000ef280000,0x00000000efd00000)
  to   space 10240K, 0% used [0x00000000ee880000,0x00000000ee880000,0x00000000ef280000)
 ParOldGen       total 90624K, used 16633K [0x00000000c0000000, 0x00000000c5880000, 0x00000000eab00000)
  object space 90624K, 18% used [0x00000000c0000000,0x00000000c103e510,0x00000000c5880000)
 Metaspace       used 36709K, capacity 37318K, committed 37504K, reserved 1081344K
  class space    used 5269K, capacity 5447K, committed 5504K, reserved 1048576K
Event: 15.138 GC heap after
Heap after GC invocations=13 (full 2):
 PSYoungGen      total 73216K, used 4949K [0x00000000eab00000, 0x00000000f0e80000, 0x0000000100000000)
  eden space 62976K, 0% used [0x00000000eab00000,0x00000000eab00000,0x00000000ee880000)
  from space 10240K, 48% used [0x00000000ee880000,0x00000000eed55758,0x00000000ef280000)
  to   space 10240K, 0% used [0x00000000f0480000,0x00000000f0480000,0x00000000f0e80000)
 ParOldGen       total 90624K, used 16641K [0x00000000c0000000, 0x00000000c5880000, 0x00000000eab00000)
  object space 90624K, 18% used [0x00000000c0000000,0x00000000c1040510,0x00000000c5880000)
 Metaspace       used 36709K, capacity 37318K, committed 37504K, reserved 1081344K
  class space    used 5269K, capacity 5447K, committed 5504K, reserved 1048576K
}
Event: 16.763 GC heap before
{Heap before GC invocations=14 (full 2):
 PSYoungGen      total 73216K, used 67925K [0x00000000eab00000, 0x00000000f0e80000, 0x0000000100000000)
  eden space 62976K, 100% used [0x00000000eab00000,0x00000000ee880000,0x00000000ee880000)
  from space 10240K, 48% used [0x00000000ee880000,0x00000000eed55758,0x00000000ef280000)
  to   space 10240K, 0% used [0x00000000f0480000,0x00000000f0480000,0x00000000f0e80000)
 ParOldGen       total 90624K, used 16641K [0x00000000c0000000, 0x00000000c5880000, 0x00000000eab00000)
  object space 90624K, 18% used [0x00000000c0000000,0x00000000c1040510,0x00000000c5880000)
 Metaspace       used 40567K, capacity 41316K, committed 41600K, reserved 1085440K
  class space    used 5797K, capacity 5999K, committed 6016K, reserved 1048576K
Event: 16.775 GC heap after
Heap after GC invocations=14 (full 2):
 PSYoungGen      total 90112K, used 10221K [0x00000000eab00000, 0x00000000f1080000, 0x0000000100000000)
  eden space 79872K, 0% used [0x00000000eab00000,0x00000000eab00000,0x00000000ef900000)
  from space 10240K, 99% used [0x00000000f0480000,0x00000000f0e7b4e8,0x00000000f0e80000)
  to   space 11776K, 0% used [0x00000000ef900000,0x00000000ef900000,0x00000000f0480000)
 ParOldGen       total 90624K, used 17800K [0x00000000c0000000, 0x00000000c5880000, 0x00000000eab00000)
  object space 90624K, 19% used [0x00000000c0000000,0x00000000c1162150,0x00000000c5880000)
 Metaspace       used 40567K, capacity 41316K, committed 41600K, reserved 1085440K
  class space    used 5797K, capacity 5999K, committed 6016K, reserved 1048576K
}
Event: 17.977 GC heap before
{Heap before GC invocations=15 (full 2):
 PSYoungGen      total 90112K, used 90093K [0x00000000eab00000, 0x00000000f1080000, 0x0000000100000000)
  eden space 79872K, 100% used [0x00000000eab00000,0x00000000ef900000,0x00000000ef900000)
  from space 10240K, 99% used [0x00000000f0480000,0x00000000f0e7b4e8,0x00000000f0e80000)
  to   space 11776K, 0% used [0x00000000ef900000,0x00000000ef900000,0x00000000f0480000)
 ParOldGen       total 90624K, used 17800K [0x00000000c0000000, 0x00000000c5880000, 0x00000000eab00000)
  object space 90624K, 19% used [0x00000000c0000000,0x00000000c1162150,0x00000000c5880000)
 Metaspace       used 41076K, capacity 41820K, committed 41984K, reserved 1085440K
  class space    used 5833K, capacity 6035K, committed 6144K, reserved 1048576K
Event: 17.988 GC heap after
Heap after GC invocations=15 (full 2):
 PSYoungGen      total 91648K, used 3730K [0x00000000eab00000, 0x00000000f1080000, 0x0000000100000000)
  eden space 79872K, 0% used [0x00000000eab00000,0x00000000eab00000,0x00000000ef900000)
  from space 11776K, 31% used [0x00000000ef900000,0x00000000efca4a70,0x00000000f0480000)
  to   space 10240K, 0% used [0x00000000f0480000,0x00000000f0480000,0x00000000f0e80000)
 ParOldGen       total 90624K, used 26647K [0x00000000c0000000, 0x00000000c5880000, 0x00000000eab00000)
  object space 90624K, 29% used [0x00000000c0000000,0x00000000c1a05e20,0x00000000c5880000)
 Metaspace       used 41076K, capacity 41820K, committed 41984K, reserved 1085440K
  class space    used 5833K, capacity 6035K, committed 6144K, reserved 1048576K
}
Event: 19.944 GC heap before
{Heap before GC invocations=16 (full 2):
 PSYoungGen      total 91648K, used 83602K [0x00000000eab00000, 0x00000000f1080000, 0x0000000100000000)
  eden space 79872K, 100% used [0x00000000eab00000,0x00000000ef900000,0x00000000ef900000)
  from space 11776K, 31% used [0x00000000ef900000,0x00000000efca4a70,0x00000000f0480000)
  to   space 10240K, 0% used [0x00000000f0480000,0x00000000f0480000,0x00000000f0e80000)
 ParOldGen       total 90624K, used 26647K [0x00000000c0000000, 0x00000000c5880000, 0x00000000eab00000)
  object space 90624K, 29% used [0x00000000c0000000,0x00000000c1a05e20,0x00000000c5880000)
 Metaspace       used 45535K, capacity 46400K, committed 46720K, reserved 1089536K
  class space    used 6405K, capacity 6665K, committed 6784K, reserved 1048576K
Event: 19.950 GC heap after
Heap after GC invocations=16 (full 2):
 PSYoungGen      total 90112K, used 7364K [0x00000000eab00000, 0x00000000f1080000, 0x0000000100000000)
  eden space 79872K, 0% used [0x00000000eab00000,0x00000000eab00000,0x00000000ef900000)
  from space 10240K, 71% used [0x00000000f0480000,0x00000000f0bb1138,0x00000000f0e80000)
  to   space 11776K, 0% used [0x00000000ef900000,0x00000000ef900000,0x00000000f0480000)
 ParOldGen       total 90624K, used 26655K [0x00000000c0000000, 0x00000000c5880000, 0x00000000eab00000)
  object space 90624K, 29% used [0x00000000c0000000,0x00000000c1a07e20,0x00000000c5880000)
 Metaspace       used 45535K, capacity 46400K, committed 46720K, reserved 1089536K
  class space    used 6405K, capacity 6665K, committed 6784K, reserved 1048576K
}

